C:\USERS\PIOTREK\DOCUMENTS\WORKSPACE\C-CHARM\RELEASE\CHARM.OBJ
C:\Users\piotrek\Documents\workspace\c-charm\Release\cl.command.1.tlog
C:\Users\piotrek\Documents\workspace\c-charm\Release\CL.read.1.tlog
C:\Users\piotrek\Documents\workspace\c-charm\Release\CL.write.1.tlog
C:\USERS\PIOTREK\DOCUMENTS\WORKSPACE\C-CHARM\RELEASE\CSV_WRITER.OBJ
C:\USERS\PIOTREK\DOCUMENTS\WORKSPACE\C-CHARM\RELEASE\DATASET.OBJ
C:\USERS\PIOTREK\DOCUMENTS\WORKSPACE\C-CHARM\RELEASE\GRAPH.OBJ
C:\USERS\PIOTREK\DOCUMENTS\WORKSPACE\C-CHARM\RELEASE\HASHTABLE.OBJ
C:\USERS\PIOTREK\DOCUMENTS\WORKSPACE\C-CHARM\RELEASE\ISET.OBJ
C:\Users\piotrek\Documents\workspace\c-charm\Release\link.command.1.tlog
C:\Users\piotrek\Documents\workspace\c-charm\Release\link.read.1.tlog
C:\Users\piotrek\Documents\workspace\c-charm\Release\link.write.1.tlog
C:\Users\piotrek\Documents\workspace\c-charm\Release\link-cvtres.read.1.tlog
C:\Users\piotrek\Documents\workspace\c-charm\Release\link-cvtres.write.1.tlog
C:\USERS\PIOTREK\DOCUMENTS\WORKSPACE\C-CHARM\RELEASE\MAIN.OBJ
C:\USERS\PIOTREK\DOCUMENTS\WORKSPACE\C-CHARM\RELEASE\MED.EXE
C:\USERS\PIOTREK\DOCUMENTS\WORKSPACE\C-CHARM\RELEASE\MED.EXE.EMBED.MANIFEST
C:\USERS\PIOTREK\DOCUMENTS\WORKSPACE\C-CHARM\RELEASE\MED.EXE.EMBED.MANIFEST.RES
C:\USERS\PIOTREK\DOCUMENTS\WORKSPACE\C-CHARM\RELEASE\MED.EXE.INTERMEDIATE.MANIFEST
C:\USERS\PIOTREK\DOCUMENTS\WORKSPACE\C-CHARM\RELEASE\MED.PDB
C:\Users\piotrek\Documents\workspace\c-charm\Release\MED_manifest.rc
C:\Users\piotrek\Documents\workspace\c-charm\Release\mt.command.1.tlog
C:\Users\piotrek\Documents\workspace\c-charm\Release\mt.read.1.tlog
C:\Users\piotrek\Documents\workspace\c-charm\Release\mt.write.1.tlog
C:\Users\piotrek\Documents\workspace\c-charm\Release\rc.command.1.tlog
C:\Users\piotrek\Documents\workspace\c-charm\Release\rc.read.1.tlog
C:\Users\piotrek\Documents\workspace\c-charm\Release\rc.write.1.tlog
C:\USERS\PIOTREK\DOCUMENTS\WORKSPACE\C-CHARM\RELEASE\RULE.OBJ
C:\USERS\PIOTREK\DOCUMENTS\WORKSPACE\C-CHARM\RELEASE\RULE_BUILDER.OBJ
C:\USERS\PIOTREK\DOCUMENTS\WORKSPACE\C-CHARM\RELEASE\SET.OBJ
C:\USERS\PIOTREK\DOCUMENTS\WORKSPACE\C-CHARM\RELEASE\TEXT_WRITER.OBJ
C:\USERS\PIOTREK\DOCUMENTS\WORKSPACE\C-CHARM\RELEASE\UTILS.OBJ
C:\USERS\PIOTREK\DOCUMENTS\WORKSPACE\C-CHARM\RELEASE\VC100.PDB
C:\USERS\PIOTREK\DOCUMENTS\WORKSPACE\C-CHARM\RELEASE\WRITER.OBJ
